Start testing: Jun 20 18:00 CEST
----------------------------------------------------------
Unable to find executable: /home/laurentjin/CMAKE/ex6/.-/build/tests/factorial
1/5 Testing: factorial
1/5 Test: factorial
Command: ""
Directory: /home/laurentjin/CMAKE/ex6/.-/build/tests
"factorial" start time: 
Output:
----------------------------------------------------------
<end of output>
Test time =   0.00 sec
----------------------------------------------------------
Test Passed.
"factorial" end time: Jun 20 18:00 CEST
"factorial" time elapsed: 00:00:00
----------------------------------------------------------

2/5 Testing: fibonacci
2/5 Test: fibonacci
Command: "/home/laurentjin/CMAKE/ex6/.-/build/tests/fibonacci"
Directory: /home/laurentjin/CMAKE/ex6/.-/build/tests
"fibonacci" start time: Jun 20 18:00 CEST
Output:
----------------------------------------------------------
Test passed!
<end of output>
Test time =   0.00 sec
----------------------------------------------------------
Test Passed.
"fibonacci" end time: Jun 20 18:00 CEST
"fibonacci" time elapsed: 00:00:00
----------------------------------------------------------

Unable to find executable: /home/laurentjin/CMAKE/ex6/.-/build/tests/palindrome
3/5 Testing: palindrome
3/5 Test: palindrome
Command: ""
Directory: /home/laurentjin/CMAKE/ex6/.-/build/tests
"palindrome" start time: 
Output:
----------------------------------------------------------
<end of output>
Test time =   0.00 sec
----------------------------------------------------------
Test Passed.
"palindrome" end time: Jun 20 18:00 CEST
"palindrome" time elapsed: 00:00:00
----------------------------------------------------------

Unable to find executable: /home/laurentjin/CMAKE/ex6/.-/build/tests/prime
4/5 Testing: prime
4/5 Test: prime
Command: ""
Directory: /home/laurentjin/CMAKE/ex6/.-/build/tests
"prime" start time: 
Output:
----------------------------------------------------------
<end of output>
Test time =   0.00 sec
----------------------------------------------------------
Test Passed.
"prime" end time: Jun 20 18:00 CEST
"prime" time elapsed: 00:00:00
----------------------------------------------------------

Unable to find executable: /home/laurentjin/CMAKE/ex6/.-/build/tests/example_class
5/5 Testing: example_class
5/5 Test: example_class
Command: ""
Directory: /home/laurentjin/CMAKE/ex6/.-/build/tests
"example_class" start time: 
Output:
----------------------------------------------------------
<end of output>
Test time =   0.00 sec
----------------------------------------------------------
Test Passed.
"example_class" end time: Jun 20 18:00 CEST
"example_class" time elapsed: 00:00:00
----------------------------------------------------------

End testing: Jun 20 18:00 CEST
